<?xml version="1.0" encoding="UTF-8"?>
<coverage generated="1667173727861" clover="3.2.0">
  <project timestamp="1667173727861" name="All files">
    <metrics statements="128" coveredstatements="66" conditionals="33" coveredconditionals="27" methods="32" coveredmethods="16" elements="193" coveredelements="109" complexity="0" loc="128" ncloc="128" packages="1" files="1" classes="1"/>
    <file name="ticTacToe.ts" path="D:\Programming\Phaser\phaser3TicTacToe\src\ticTacToe.ts">
      <metrics statements="128" coveredstatements="66" conditionals="33" coveredconditionals="27" methods="32" coveredmethods="16"/>
      <line num="1" count="1" type="stmt"/>
      <line num="3" count="1" type="cond" truecount="2" falsecount="0"/>
      <line num="4" count="1" type="stmt"/>
      <line num="5" count="1" type="stmt"/>
      <line num="13" count="1" type="stmt"/>
      <line num="28" count="1" type="stmt"/>
      <line num="30" count="1" type="stmt"/>
      <line num="31" count="1" type="stmt"/>
      <line num="32" count="1" type="stmt"/>
      <line num="33" count="1" type="stmt"/>
      <line num="34" count="1" type="stmt"/>
      <line num="35" count="1" type="stmt"/>
      <line num="39" count="1" type="stmt"/>
      <line num="41" count="1" type="stmt"/>
      <line num="43" count="1" type="stmt"/>
      <line num="45" count="1" type="stmt"/>
      <line num="47" count="1" type="stmt"/>
      <line num="53" count="1" type="stmt"/>
      <line num="61" count="3" type="stmt"/>
      <line num="65" count="2" type="stmt"/>
      <line num="69" count="0" type="stmt"/>
      <line num="70" count="0" type="stmt"/>
      <line num="72" count="0" type="stmt"/>
      <line num="73" count="0" type="stmt"/>
      <line num="75" count="0" type="stmt"/>
      <line num="76" count="0" type="stmt"/>
      <line num="78" count="0" type="stmt"/>
      <line num="79" count="0" type="stmt"/>
      <line num="81" count="0" type="stmt"/>
      <line num="85" count="0" type="stmt"/>
      <line num="87" count="0" type="stmt"/>
      <line num="89" count="0" type="stmt"/>
      <line num="90" count="0" type="stmt"/>
      <line num="94" count="3" type="stmt"/>
      <line num="98" count="2" type="cond" truecount="2" falsecount="0"/>
      <line num="99" count="1" type="stmt"/>
      <line num="101" count="1" type="stmt"/>
      <line num="106" count="0" type="stmt"/>
      <line num="111" count="0" type="stmt"/>
      <line num="115" count="0" type="stmt"/>
      <line num="134" count="0" type="stmt"/>
      <line num="143" count="0" type="stmt"/>
      <line num="144" count="0" type="stmt"/>
      <line num="148" count="0" type="stmt"/>
      <line num="149" count="0" type="stmt"/>
      <line num="150" count="0" type="stmt"/>
      <line num="158" count="0" type="stmt"/>
      <line num="159" count="0" type="stmt"/>
      <line num="161" count="0" type="stmt"/>
      <line num="162" count="0" type="stmt"/>
      <line num="163" count="0" type="stmt"/>
      <line num="169" count="0" type="stmt"/>
      <line num="170" count="0" type="stmt"/>
      <line num="174" count="0" type="stmt"/>
      <line num="178" count="0" type="stmt"/>
      <line num="180" count="0" type="stmt"/>
      <line num="181" count="0" type="stmt"/>
      <line num="183" count="0" type="stmt"/>
      <line num="185" count="0" type="stmt"/>
      <line num="192" count="0" type="cond" truecount="0" falsecount="1"/>
      <line num="193" count="0" type="stmt"/>
      <line num="196" count="0" type="stmt"/>
      <line num="212" count="0" type="stmt"/>
      <line num="214" count="0" type="stmt"/>
      <line num="216" count="0" type="cond" truecount="0" falsecount="1"/>
      <line num="217" count="0" type="stmt"/>
      <line num="218" count="0" type="stmt"/>
      <line num="221" count="0" type="stmt"/>
      <line num="222" count="0" type="stmt"/>
      <line num="224" count="0" type="stmt"/>
      <line num="225" count="0" type="stmt"/>
      <line num="227" count="0" type="cond" truecount="0" falsecount="2"/>
      <line num="228" count="0" type="stmt"/>
      <line num="229" count="0" type="stmt"/>
      <line num="230" count="0" type="stmt"/>
      <line num="231" count="0" type="cond" truecount="0" falsecount="2"/>
      <line num="232" count="0" type="stmt"/>
      <line num="233" count="0" type="stmt"/>
      <line num="235" count="0" type="stmt"/>
      <line num="240" count="1" type="stmt"/>
      <line num="242" count="1" type="stmt"/>
      <line num="244" count="1" type="stmt"/>
      <line num="245" count="1" type="stmt"/>
      <line num="249" count="2" type="stmt"/>
      <line num="250" count="5" type="stmt"/>
      <line num="251" count="14" type="cond" truecount="1" falsecount="0"/>
      <line num="252" count="1" type="stmt"/>
      <line num="257" count="1" type="stmt"/>
      <line num="261" count="0" type="stmt"/>
      <line num="262" count="0" type="stmt"/>
      <line num="266" count="0" type="stmt"/>
      <line num="270" count="0" type="stmt"/>
      <line num="271" count="0" type="stmt"/>
      <line num="275" count="3" type="cond" truecount="3" falsecount="0"/>
      <line num="276" count="1" type="stmt"/>
      <line num="277" count="1" type="stmt"/>
      <line num="280" count="2" type="cond" truecount="2" falsecount="0"/>
      <line num="281" count="1" type="stmt"/>
      <line num="282" count="1" type="cond" truecount="1" falsecount="0"/>
      <line num="283" count="1" type="stmt"/>
      <line num="288" count="1" type="stmt"/>
      <line num="289" count="1" type="stmt"/>
      <line num="293" count="2" type="stmt"/>
      <line num="301" count="2" type="stmt"/>
      <line num="302" count="6" type="stmt"/>
      <line num="303" count="18" type="stmt"/>
      <line num="304" count="18" type="stmt"/>
      <line num="310" count="0" type="stmt"/>
      <line num="314" count="2" type="cond" truecount="1" falsecount="0"/>
      <line num="315" count="1" type="stmt"/>
      <line num="318" count="1" type="stmt"/>
      <line num="322" count="8" type="stmt"/>
      <line num="324" count="8" type="stmt"/>
      <line num="325" count="24" type="cond" truecount="1" falsecount="0"/>
      <line num="330" count="3" type="stmt"/>
      <line num="334" count="8" type="stmt"/>
      <line num="335" count="24" type="cond" truecount="1" falsecount="0"/>
      <line num="340" count="1" type="stmt"/>
      <line num="344" count="8" type="cond" truecount="1" falsecount="0"/>
      <line num="349" count="1" type="stmt"/>
      <line num="352" count="8" type="stmt"/>
      <line num="356" count="3" type="stmt"/>
      <line num="357" count="3" type="cond" truecount="2" falsecount="0"/>
      <line num="358" count="1" type="stmt"/>
      <line num="359" count="2" type="cond" truecount="1" falsecount="0"/>
      <line num="360" count="1" type="stmt"/>
      <line num="363" count="3" type="stmt"/>
      <line num="367" count="0" type="stmt"/>
    </file>
  </project>
</coverage>
