{"D:\\Programming\\Phaser\\phaser3TicTacToe\\src\\ticTacToe.ts": {"path":"D:\\Programming\\Phaser\\phaser3TicTacToe\\src\\ticTacToe.ts","statementMap":{"0":{"start":{"line":1,"column":0},"end":{"line":1,"column":16}},"1":{"start":{"line":3,"column":0},"end":{"line":3,"column":null}},"2":{"start":{"line":4,"column":2},"end":{"line":4,"column":null}},"3":{"start":{"line":5,"column":2},"end":{"line":5,"column":null}},"4":{"start":{"line":28,"column":4},"end":{"line":28,"column":23}},"5":{"start":{"line":30,"column":4},"end":{"line":30,"column":28}},"6":{"start":{"line":31,"column":4},"end":{"line":31,"column":28}},"7":{"start":{"line":32,"column":4},"end":{"line":32,"column":24}},"8":{"start":{"line":33,"column":4},"end":{"line":33,"column":25}},"9":{"start":{"line":34,"column":4},"end":{"line":34,"column":31}},"10":{"start":{"line":35,"column":4},"end":{"line":38,"column":6}},"11":{"start":{"line":39,"column":4},"end":{"line":39,"column":31}},"12":{"start":{"line":41,"column":4},"end":{"line":41,"column":29}},"13":{"start":{"line":43,"column":4},"end":{"line":43,"column":39}},"14":{"start":{"line":45,"column":4},"end":{"line":45,"column":59}},"15":{"start":{"line":47,"column":4},"end":{"line":51,"column":6}},"16":{"start":{"line":53,"column":4},"end":{"line":57,"column":6}},"17":{"start":{"line":61,"column":4},"end":{"line":61,"column":27}},"18":{"start":{"line":65,"column":4},"end":{"line":65,"column":26}},"19":{"start":{"line":69,"column":4},"end":{"line":69,"column":55}},"20":{"start":{"line":70,"column":4},"end":{"line":70,"column":47}},"21":{"start":{"line":72,"column":4},"end":{"line":72,"column":60}},"22":{"start":{"line":73,"column":4},"end":{"line":73,"column":66}},"23":{"start":{"line":75,"column":4},"end":{"line":75,"column":50}},"24":{"start":{"line":76,"column":4},"end":{"line":76,"column":50}},"25":{"start":{"line":78,"column":4},"end":{"line":78,"column":61}},"26":{"start":{"line":79,"column":4},"end":{"line":79,"column":57}},"27":{"start":{"line":81,"column":4},"end":{"line":81,"column":55}},"28":{"start":{"line":85,"column":4},"end":{"line":85,"column":68}},"29":{"start":{"line":87,"column":4},"end":{"line":87,"column":51}},"30":{"start":{"line":89,"column":4},"end":{"line":89,"column":21}},"31":{"start":{"line":90,"column":4},"end":{"line":90,"column":24}},"32":{"start":{"line":94,"column":4},"end":{"line":94,"column":34}},"33":{"start":{"line":98,"column":4},"end":{"line":102,"column":null}},"34":{"start":{"line":99,"column":6},"end":{"line":99,"column":33}},"35":{"start":{"line":101,"column":6},"end":{"line":101,"column":33}},"36":{"start":{"line":106,"column":23},"end":{"line":109,"column":6}},"37":{"start":{"line":111,"column":4},"end":{"line":111,"column":41}},"38":{"start":{"line":115,"column":4},"end":{"line":126,"column":6}},"39":{"start":{"line":134,"column":4},"end":{"line":139,"column":6}},"40":{"start":{"line":143,"column":4},"end":{"line":143,"column":72}},"41":{"start":{"line":144,"column":4},"end":{"line":144,"column":72}},"42":{"start":{"line":148,"column":4},"end":{"line":165,"column":null}},"43":{"start":{"line":148,"column":17},"end":{"line":148,"column":18}},"44":{"start":{"line":149,"column":6},"end":{"line":164,"column":null}},"45":{"start":{"line":149,"column":19},"end":{"line":149,"column":20}},"46":{"start":{"line":150,"column":21},"end":{"line":156,"column":27}},"47":{"start":{"line":158,"column":20},"end":{"line":158,"column":25}},"48":{"start":{"line":159,"column":23},"end":{"line":159,"column":28}},"49":{"start":{"line":161,"column":8},"end":{"line":161,"column":54}},"50":{"start":{"line":162,"column":8},"end":{"line":162,"column":55}},"51":{"start":{"line":163,"column":8},"end":{"line":163,"column":45}},"52":{"start":{"line":169,"column":4},"end":{"line":169,"column":45}},"53":{"start":{"line":170,"column":4},"end":{"line":170,"column":59}},"54":{"start":{"line":174,"column":4},"end":{"line":174,"column":65}},"55":{"start":{"line":178,"column":18},"end":{"line":178,"column":22}},"56":{"start":{"line":180,"column":25},"end":{"line":180,"column":55}},"57":{"start":{"line":181,"column":38},"end":{"line":181,"column":73}},"58":{"start":{"line":183,"column":31},"end":{"line":183,"column":63}},"59":{"start":{"line":185,"column":4},"end":{"line":185,"column":54}},"60":{"start":{"line":192,"column":4},"end":{"line":194,"column":null}},"61":{"start":{"line":193,"column":6},"end":{"line":193,"column":13}},"62":{"start":{"line":196,"column":4},"end":{"line":210,"column":7}},"63":{"start":{"line":212,"column":4},"end":{"line":212,"column":34}},"64":{"start":{"line":214,"column":24},"end":{"line":214,"column":70}},"65":{"start":{"line":216,"column":4},"end":{"line":219,"column":null}},"66":{"start":{"line":217,"column":6},"end":{"line":217,"column":38}},"67":{"start":{"line":218,"column":6},"end":{"line":218,"column":13}},"68":{"start":{"line":221,"column":26},"end":{"line":221,"column":53}},"69":{"start":{"line":222,"column":4},"end":{"line":222,"column":49}},"70":{"start":{"line":224,"column":29},"end":{"line":224,"column":65}},"71":{"start":{"line":225,"column":24},"end":{"line":225,"column":49}},"72":{"start":{"line":227,"column":4},"end":{"line":236,"column":null}},"73":{"start":{"line":228,"column":6},"end":{"line":228,"column":55}},"74":{"start":{"line":229,"column":6},"end":{"line":229,"column":41}},"75":{"start":{"line":230,"column":6},"end":{"line":230,"column":21}},"76":{"start":{"line":231,"column":11},"end":{"line":236,"column":null}},"77":{"start":{"line":232,"column":6},"end":{"line":232,"column":26}},"78":{"start":{"line":233,"column":6},"end":{"line":233,"column":21}},"79":{"start":{"line":235,"column":6},"end":{"line":235,"column":37}},"80":{"start":{"line":240,"column":4},"end":{"line":240,"column":37}},"81":{"start":{"line":241,"column":4},"end":{"line":244,"column":13}},"82":{"start":{"line":242,"column":6},"end":{"line":242,"column":24}},"83":{"start":{"line":243,"column":6},"end":{"line":243,"column":43}},"84":{"start":{"line":248,"column":4},"end":{"line":254,"column":null}},"85":{"start":{"line":248,"column":17},"end":{"line":248,"column":18}},"86":{"start":{"line":249,"column":6},"end":{"line":253,"column":null}},"87":{"start":{"line":249,"column":19},"end":{"line":249,"column":20}},"88":{"start":{"line":250,"column":8},"end":{"line":252,"column":null}},"89":{"start":{"line":251,"column":10},"end":{"line":251,"column":23}},"90":{"start":{"line":256,"column":4},"end":{"line":256,"column":16}},"91":{"start":{"line":260,"column":4},"end":{"line":260,"column":50}},"92":{"start":{"line":261,"column":4},"end":{"line":261,"column":50}},"93":{"start":{"line":265,"column":4},"end":{"line":265,"column":63}},"94":{"start":{"line":269,"column":18},"end":{"line":269,"column":70}},"95":{"start":{"line":270,"column":4},"end":{"line":270,"column":56}},"96":{"start":{"line":274,"column":4},"end":{"line":277,"column":null}},"97":{"start":{"line":275,"column":6},"end":{"line":275,"column":37}},"98":{"start":{"line":276,"column":6},"end":{"line":276,"column":13}},"99":{"start":{"line":278,"column":4},"end":{"line":278,"column":61}},"100":{"start":{"line":280,"column":4},"end":{"line":285,"column":null}},"101":{"start":{"line":281,"column":6},"end":{"line":281,"column":26}},"102":{"start":{"line":282,"column":6},"end":{"line":282,"column":27}},"103":{"start":{"line":283,"column":11},"end":{"line":285,"column":null}},"104":{"start":{"line":284,"column":6},"end":{"line":284,"column":27}},"105":{"start":{"line":289,"column":4},"end":{"line":289,"column":28}},"106":{"start":{"line":290,"column":4},"end":{"line":290,"column":32}},"107":{"start":{"line":294,"column":4},"end":{"line":298,"column":6}},"108":{"start":{"line":302,"column":4},"end":{"line":307,"column":null}},"109":{"start":{"line":302,"column":17},"end":{"line":302,"column":18}},"110":{"start":{"line":303,"column":6},"end":{"line":306,"column":null}},"111":{"start":{"line":303,"column":19},"end":{"line":303,"column":20}},"112":{"start":{"line":304,"column":22},"end":{"line":304,"column":48}},"113":{"start":{"line":305,"column":8},"end":{"line":305,"column":40}},"114":{"start":{"line":311,"column":4},"end":{"line":311,"column":45}},"115":{"start":{"line":315,"column":4},"end":{"line":317,"column":null}},"116":{"start":{"line":316,"column":6},"end":{"line":316,"column":18}},"117":{"start":{"line":319,"column":4},"end":{"line":319,"column":17}},"118":{"start":{"line":323,"column":17},"end":{"line":323,"column":22}},"119":{"start":{"line":325,"column":4},"end":{"line":333,"column":null}},"120":{"start":{"line":325,"column":17},"end":{"line":325,"column":18}},"121":{"start":{"line":326,"column":6},"end":{"line":332,"column":null}},"122":{"start":{"line":331,"column":8},"end":{"line":331,"column":22}},"123":{"start":{"line":335,"column":4},"end":{"line":343,"column":null}},"124":{"start":{"line":335,"column":17},"end":{"line":335,"column":18}},"125":{"start":{"line":336,"column":6},"end":{"line":342,"column":null}},"126":{"start":{"line":341,"column":8},"end":{"line":341,"column":22}},"127":{"start":{"line":345,"column":4},"end":{"line":351,"column":null}},"128":{"start":{"line":350,"column":6},"end":{"line":350,"column":20}},"129":{"start":{"line":353,"column":4},"end":{"line":353,"column":18}},"130":{"start":{"line":357,"column":22},"end":{"line":357,"column":41}},"131":{"start":{"line":358,"column":4},"end":{"line":362,"column":null}},"132":{"start":{"line":359,"column":6},"end":{"line":359,"column":24}},"133":{"start":{"line":360,"column":11},"end":{"line":362,"column":null}},"134":{"start":{"line":361,"column":6},"end":{"line":361,"column":24}},"135":{"start":{"line":364,"column":4},"end":{"line":364,"column":23}},"136":{"start":{"line":368,"column":4},"end":{"line":368,"column":22}},"137":{"start":{"line":13,"column":0},"end":{"line":13,"column":21}}},"fnMap":{"0":{"name":"(anonymous_0)","decl":{"start":{"line":3,"column":0},"end":{"line":3,"column":5}},"loc":{"start":{"line":3,"column":14},"end":{"line":6,"column":1}}},"1":{"name":"(anonymous_1)","decl":{"start":{"line":27,"column":2},"end":{"line":27,"column":null}},"loc":{"start":{"line":27,"column":2},"end":{"line":58,"column":3}}},"2":{"name":"(anonymous_2)","decl":{"start":{"line":60,"column":2},"end":{"line":60,"column":14}},"loc":{"start":{"line":60,"column":31},"end":{"line":62,"column":3}}},"3":{"name":"(anonymous_3)","decl":{"start":{"line":64,"column":2},"end":{"line":64,"column":14}},"loc":{"start":{"line":64,"column":14},"end":{"line":66,"column":3}}},"4":{"name":"(anonymous_4)","decl":{"start":{"line":68,"column":2},"end":{"line":68,"column":9}},"loc":{"start":{"line":68,"column":9},"end":{"line":82,"column":3}}},"5":{"name":"(anonymous_5)","decl":{"start":{"line":84,"column":2},"end":{"line":84,"column":8}},"loc":{"start":{"line":84,"column":8},"end":{"line":91,"column":3}}},"6":{"name":"(anonymous_6)","decl":{"start":{"line":93,"column":2},"end":{"line":93,"column":22}},"loc":{"start":{"line":93,"column":22},"end":{"line":95,"column":3}}},"7":{"name":"(anonymous_7)","decl":{"start":{"line":97,"column":2},"end":{"line":97,"column":25}},"loc":{"start":{"line":97,"column":25},"end":{"line":103,"column":3}}},"8":{"name":"(anonymous_8)","decl":{"start":{"line":105,"column":2},"end":{"line":105,"column":14}},"loc":{"start":{"line":105,"column":14},"end":{"line":112,"column":3}}},"9":{"name":"(anonymous_9)","decl":{"start":{"line":114,"column":2},"end":{"line":114,"column":21}},"loc":{"start":{"line":114,"column":74},"end":{"line":127,"column":3}}},"10":{"name":"(anonymous_10)","decl":{"start":{"line":129,"column":2},"end":{"line":129,"column":18}},"loc":{"start":{"line":132,"column":67},"end":{"line":140,"column":3}}},"11":{"name":"(anonymous_11)","decl":{"start":{"line":142,"column":2},"end":{"line":142,"column":12}},"loc":{"start":{"line":142,"column":12},"end":{"line":145,"column":3}}},"12":{"name":"(anonymous_12)","decl":{"start":{"line":147,"column":2},"end":{"line":147,"column":11}},"loc":{"start":{"line":147,"column":11},"end":{"line":166,"column":3}}},"13":{"name":"(anonymous_13)","decl":{"start":{"line":168,"column":2},"end":{"line":168,"column":13}},"loc":{"start":{"line":168,"column":48},"end":{"line":171,"column":3}}},"14":{"name":"(anonymous_14)","decl":{"start":{"line":173,"column":2},"end":{"line":173,"column":14}},"loc":{"start":{"line":173,"column":53},"end":{"line":175,"column":3}}},"15":{"name":"(anonymous_15)","decl":{"start":{"line":177,"column":2},"end":{"line":177,"column":9}},"loc":{"start":{"line":177,"column":16},"end":{"line":186,"column":3}}},"16":{"name":"(anonymous_16)","decl":{"start":{"line":188,"column":2},"end":{"line":188,"column":17}},"loc":{"start":{"line":190,"column":42},"end":{"line":237,"column":3}}},"17":{"name":"(anonymous_17)","decl":{"start":{"line":239,"column":2},"end":{"line":239,"column":9}},"loc":{"start":{"line":239,"column":9},"end":{"line":245,"column":3}}},"18":{"name":"(anonymous_18)","decl":{"start":{"line":241,"column":15},"end":{"line":241,"column":18}},"loc":{"start":{"line":241,"column":20},"end":{"line":244,"column":5}}},"19":{"name":"(anonymous_19)","decl":{"start":{"line":247,"column":2},"end":{"line":247,"column":20}},"loc":{"start":{"line":247,"column":20},"end":{"line":257,"column":3}}},"20":{"name":"(anonymous_20)","decl":{"start":{"line":259,"column":2},"end":{"line":259,"column":12}},"loc":{"start":{"line":259,"column":58},"end":{"line":262,"column":3}}},"21":{"name":"(anonymous_21)","decl":{"start":{"line":264,"column":2},"end":{"line":264,"column":17}},"loc":{"start":{"line":264,"column":63},"end":{"line":266,"column":3}}},"22":{"name":"(anonymous_22)","decl":{"start":{"line":268,"column":2},"end":{"line":268,"column":17}},"loc":{"start":{"line":268,"column":63},"end":{"line":271,"column":3}}},"23":{"name":"(anonymous_23)","decl":{"start":{"line":273,"column":2},"end":{"line":273,"column":16}},"loc":{"start":{"line":273,"column":38},"end":{"line":286,"column":3}}},"24":{"name":"(anonymous_24)","decl":{"start":{"line":288,"column":2},"end":{"line":288,"column":12}},"loc":{"start":{"line":288,"column":12},"end":{"line":291,"column":3}}},"25":{"name":"(anonymous_25)","decl":{"start":{"line":293,"column":2},"end":{"line":293,"column":18}},"loc":{"start":{"line":293,"column":18},"end":{"line":299,"column":3}}},"26":{"name":"(anonymous_26)","decl":{"start":{"line":301,"column":2},"end":{"line":301,"column":22}},"loc":{"start":{"line":301,"column":22},"end":{"line":308,"column":3}}},"27":{"name":"(anonymous_27)","decl":{"start":{"line":310,"column":2},"end":{"line":310,"column":21}},"loc":{"start":{"line":310,"column":32},"end":{"line":312,"column":3}}},"28":{"name":"(anonymous_28)","decl":{"start":{"line":314,"column":2},"end":{"line":314,"column":20}},"loc":{"start":{"line":314,"column":38},"end":{"line":320,"column":3}}},"29":{"name":"(anonymous_29)","decl":{"start":{"line":322,"column":2},"end":{"line":322,"column":18}},"loc":{"start":{"line":322,"column":40},"end":{"line":354,"column":3}}},"30":{"name":"(anonymous_30)","decl":{"start":{"line":356,"column":2},"end":{"line":356,"column":16}},"loc":{"start":{"line":356,"column":37},"end":{"line":365,"column":3}}},"31":{"name":"(anonymous_31)","decl":{"start":{"line":367,"column":2},"end":{"line":367,"column":8}},"loc":{"start":{"line":367,"column":36},"end":{"line":369,"column":3}}}},"branchMap":{"0":{"loc":{"start":{"line":3,"column":5},"end":{"line":3,"column":null}},"type":"binary-expr","locations":[{"start":{"line":3,"column":5},"end":{"line":3,"column":14}},{"start":{"line":3,"column":5},"end":{"line":3,"column":null}}]},"1":{"loc":{"start":{"line":98,"column":4},"end":{"line":102,"column":null}},"type":"if","locations":[{"start":{"line":98,"column":4},"end":{"line":102,"column":null}},{"start":{"line":100,"column":11},"end":{"line":102,"column":null}}]},"2":{"loc":{"start":{"line":192,"column":4},"end":{"line":194,"column":null}},"type":"if","locations":[{"start":{"line":192,"column":4},"end":{"line":194,"column":null}}]},"3":{"loc":{"start":{"line":216,"column":4},"end":{"line":219,"column":null}},"type":"if","locations":[{"start":{"line":216,"column":4},"end":{"line":219,"column":null}}]},"4":{"loc":{"start":{"line":227,"column":4},"end":{"line":236,"column":null}},"type":"if","locations":[{"start":{"line":227,"column":4},"end":{"line":236,"column":null}},{"start":{"line":231,"column":11},"end":{"line":236,"column":null}}]},"5":{"loc":{"start":{"line":231,"column":11},"end":{"line":236,"column":null}},"type":"if","locations":[{"start":{"line":231,"column":11},"end":{"line":236,"column":null}},{"start":{"line":234,"column":11},"end":{"line":236,"column":null}}]},"6":{"loc":{"start":{"line":250,"column":8},"end":{"line":252,"column":null}},"type":"if","locations":[{"start":{"line":250,"column":8},"end":{"line":252,"column":null}}]},"7":{"loc":{"start":{"line":274,"column":4},"end":{"line":277,"column":null}},"type":"if","locations":[{"start":{"line":274,"column":4},"end":{"line":277,"column":null}}]},"8":{"loc":{"start":{"line":274,"column":8},"end":{"line":274,"column":50}},"type":"binary-expr","locations":[{"start":{"line":274,"column":8},"end":{"line":274,"column":27}},{"start":{"line":274,"column":31},"end":{"line":274,"column":50}}]},"9":{"loc":{"start":{"line":280,"column":4},"end":{"line":285,"column":null}},"type":"if","locations":[{"start":{"line":280,"column":4},"end":{"line":285,"column":null}},{"start":{"line":283,"column":11},"end":{"line":285,"column":null}}]},"10":{"loc":{"start":{"line":283,"column":11},"end":{"line":285,"column":null}},"type":"if","locations":[{"start":{"line":283,"column":11},"end":{"line":285,"column":null}}]},"11":{"loc":{"start":{"line":315,"column":4},"end":{"line":317,"column":null}},"type":"if","locations":[{"start":{"line":315,"column":4},"end":{"line":317,"column":null}}]},"12":{"loc":{"start":{"line":326,"column":6},"end":{"line":332,"column":null}},"type":"if","locations":[{"start":{"line":326,"column":6},"end":{"line":332,"column":null}}]},"13":{"loc":{"start":{"line":327,"column":8},"end":{"line":329,"column":45}},"type":"binary-expr","locations":[{"start":{"line":327,"column":8},"end":{"line":327,"column":45}},{"start":{"line":328,"column":8},"end":{"line":328,"column":45}},{"start":{"line":329,"column":8},"end":{"line":329,"column":45}}]},"14":{"loc":{"start":{"line":336,"column":6},"end":{"line":342,"column":null}},"type":"if","locations":[{"start":{"line":336,"column":6},"end":{"line":342,"column":null}}]},"15":{"loc":{"start":{"line":337,"column":8},"end":{"line":339,"column":45}},"type":"binary-expr","locations":[{"start":{"line":337,"column":8},"end":{"line":337,"column":45}},{"start":{"line":338,"column":8},"end":{"line":338,"column":45}},{"start":{"line":339,"column":8},"end":{"line":339,"column":45}}]},"16":{"loc":{"start":{"line":345,"column":4},"end":{"line":351,"column":null}},"type":"if","locations":[{"start":{"line":345,"column":4},"end":{"line":351,"column":null}}]},"17":{"loc":{"start":{"line":346,"column":6},"end":{"line":348,"column":43}},"type":"binary-expr","locations":[{"start":{"line":346,"column":6},"end":{"line":346,"column":43}},{"start":{"line":347,"column":6},"end":{"line":347,"column":43}},{"start":{"line":348,"column":6},"end":{"line":348,"column":43}}]},"18":{"loc":{"start":{"line":358,"column":4},"end":{"line":362,"column":null}},"type":"if","locations":[{"start":{"line":358,"column":4},"end":{"line":362,"column":null}},{"start":{"line":360,"column":11},"end":{"line":362,"column":null}}]},"19":{"loc":{"start":{"line":360,"column":11},"end":{"line":362,"column":null}},"type":"if","locations":[{"start":{"line":360,"column":11},"end":{"line":362,"column":null}}]}},"s":{"0":1,"1":1,"2":1,"3":1,"4":1,"5":1,"6":1,"7":1,"8":1,"9":1,"10":1,"11":1,"12":1,"13":1,"14":1,"15":1,"16":1,"17":1,"18":2,"19":0,"20":0,"21":0,"22":0,"23":0,"24":0,"25":0,"26":0,"27":0,"28":0,"29":0,"30":0,"31":0,"32":3,"33":2,"34":1,"35":1,"36":0,"37":0,"38":0,"39":0,"40":0,"41":0,"42":0,"43":0,"44":0,"45":0,"46":0,"47":0,"48":0,"49":0,"50":0,"51":0,"52":0,"53":0,"54":0,"55":0,"56":0,"57":0,"58":0,"59":0,"60":0,"61":0,"62":0,"63":0,"64":0,"65":0,"66":0,"67":0,"68":0,"69":0,"70":0,"71":0,"72":0,"73":0,"74":0,"75":0,"76":0,"77":0,"78":0,"79":0,"80":0,"81":0,"82":0,"83":0,"84":0,"85":0,"86":0,"87":0,"88":0,"89":0,"90":0,"91":0,"92":0,"93":0,"94":0,"95":0,"96":3,"97":1,"98":1,"99":2,"100":2,"101":1,"102":1,"103":1,"104":1,"105":0,"106":0,"107":1,"108":1,"109":1,"110":3,"111":3,"112":9,"113":9,"114":0,"115":2,"116":1,"117":1,"118":8,"119":8,"120":8,"121":24,"122":3,"123":8,"124":8,"125":24,"126":1,"127":8,"128":1,"129":8,"130":3,"131":3,"132":1,"133":2,"134":1,"135":3,"136":0,"137":1},"f":{"0":1,"1":1,"2":1,"3":2,"4":0,"5":0,"6":3,"7":2,"8":0,"9":0,"10":0,"11":0,"12":0,"13":0,"14":0,"15":0,"16":0,"17":0,"18":0,"19":0,"20":0,"21":0,"22":0,"23":3,"24":0,"25":1,"26":1,"27":0,"28":2,"29":8,"30":3,"31":0},"b":{"0":[1,1],"1":[1,1],"2":[0],"3":[0],"4":[0,0],"5":[0,0],"6":[0],"7":[1],"8":[3,2],"9":[1,1],"10":[1],"11":[1],"12":[3],"13":[24,13,8],"14":[1],"15":[24,11,3],"16":[1],"17":[8,4,1],"18":[1,2],"19":[1]}}
}
