TN:
SF:src\ticTacToe.ts
FN:3,(anonymous_0)
FN:27,(anonymous_1)
FN:60,(anonymous_2)
FN:64,(anonymous_3)
FN:68,(anonymous_4)
FN:84,(anonymous_5)
FN:93,(anonymous_6)
FN:97,(anonymous_7)
FN:105,(anonymous_8)
FN:114,(anonymous_9)
FN:129,(anonymous_10)
FN:142,(anonymous_11)
FN:147,(anonymous_12)
FN:168,(anonymous_13)
FN:173,(anonymous_14)
FN:177,(anonymous_15)
FN:188,(anonymous_16)
FN:239,(anonymous_17)
FN:241,(anonymous_18)
FN:247,(anonymous_19)
FN:259,(anonymous_20)
FN:264,(anonymous_21)
FN:268,(anonymous_22)
FN:273,(anonymous_23)
FN:288,(anonymous_24)
FN:293,(anonymous_25)
FN:301,(anonymous_26)
FN:310,(anonymous_27)
FN:314,(anonymous_28)
FN:322,(anonymous_29)
FN:356,(anonymous_30)
FN:367,(anonymous_31)
FNF:32
FNH:12
FNDA:1,(anonymous_0)
FNDA:1,(anonymous_1)
FNDA:1,(anonymous_2)
FNDA:2,(anonymous_3)
FNDA:0,(anonymous_4)
FNDA:0,(anonymous_5)
FNDA:3,(anonymous_6)
FNDA:2,(anonymous_7)
FNDA:0,(anonymous_8)
FNDA:0,(anonymous_9)
FNDA:0,(anonymous_10)
FNDA:0,(anonymous_11)
FNDA:0,(anonymous_12)
FNDA:0,(anonymous_13)
FNDA:0,(anonymous_14)
FNDA:0,(anonymous_15)
FNDA:0,(anonymous_16)
FNDA:0,(anonymous_17)
FNDA:0,(anonymous_18)
FNDA:0,(anonymous_19)
FNDA:0,(anonymous_20)
FNDA:0,(anonymous_21)
FNDA:0,(anonymous_22)
FNDA:3,(anonymous_23)
FNDA:0,(anonymous_24)
FNDA:1,(anonymous_25)
FNDA:1,(anonymous_26)
FNDA:0,(anonymous_27)
FNDA:2,(anonymous_28)
FNDA:8,(anonymous_29)
FNDA:3,(anonymous_30)
FNDA:0,(anonymous_31)
DA:1,1
DA:3,1
DA:4,1
DA:5,1
DA:13,1
DA:28,1
DA:30,1
DA:31,1
DA:32,1
DA:33,1
DA:34,1
DA:35,1
DA:39,1
DA:41,1
DA:43,1
DA:45,1
DA:47,1
DA:53,1
DA:61,1
DA:65,2
DA:69,0
DA:70,0
DA:72,0
DA:73,0
DA:75,0
DA:76,0
DA:78,0
DA:79,0
DA:81,0
DA:85,0
DA:87,0
DA:89,0
DA:90,0
DA:94,3
DA:98,2
DA:99,1
DA:101,1
DA:106,0
DA:111,0
DA:115,0
DA:134,0
DA:143,0
DA:144,0
DA:148,0
DA:149,0
DA:150,0
DA:158,0
DA:159,0
DA:161,0
DA:162,0
DA:163,0
DA:169,0
DA:170,0
DA:174,0
DA:178,0
DA:180,0
DA:181,0
DA:183,0
DA:185,0
DA:192,0
DA:193,0
DA:196,0
DA:212,0
DA:214,0
DA:216,0
DA:217,0
DA:218,0
DA:221,0
DA:222,0
DA:224,0
DA:225,0
DA:227,0
DA:228,0
DA:229,0
DA:230,0
DA:231,0
DA:232,0
DA:233,0
DA:235,0
DA:240,0
DA:241,0
DA:242,0
DA:243,0
DA:248,0
DA:249,0
DA:250,0
DA:251,0
DA:256,0
DA:260,0
DA:261,0
DA:265,0
DA:269,0
DA:270,0
DA:274,3
DA:275,1
DA:276,1
DA:278,2
DA:280,2
DA:281,1
DA:282,1
DA:283,1
DA:284,1
DA:289,0
DA:290,0
DA:294,1
DA:302,1
DA:303,3
DA:304,9
DA:305,9
DA:311,0
DA:315,2
DA:316,1
DA:319,1
DA:323,8
DA:325,8
DA:326,24
DA:331,3
DA:335,8
DA:336,24
DA:341,1
DA:345,8
DA:350,1
DA:353,8
DA:357,3
DA:358,3
DA:359,1
DA:360,2
DA:361,1
DA:364,3
DA:368,0
LF:130
LH:57
BRDA:3,0,0,1
BRDA:3,0,1,1
BRDA:98,1,0,1
BRDA:98,1,1,1
BRDA:192,2,0,0
BRDA:216,3,0,0
BRDA:227,4,0,0
BRDA:227,4,1,0
BRDA:231,5,0,0
BRDA:231,5,1,0
BRDA:250,6,0,0
BRDA:274,7,0,1
BRDA:274,8,0,3
BRDA:274,8,1,2
BRDA:280,9,0,1
BRDA:280,9,1,1
BRDA:283,10,0,1
BRDA:315,11,0,1
BRDA:326,12,0,3
BRDA:327,13,0,24
BRDA:327,13,1,13
BRDA:327,13,2,8
BRDA:336,14,0,1
BRDA:337,15,0,24
BRDA:337,15,1,11
BRDA:337,15,2,3
BRDA:345,16,0,1
BRDA:346,17,0,8
BRDA:346,17,1,4
BRDA:346,17,2,1
BRDA:358,18,0,1
BRDA:358,18,1,2
BRDA:360,19,0,1
BRF:33
BRH:26
end_of_record
