TN:
SF:src\ticTacToe.ts
FN:3,(anonymous_0)
FN:27,(anonymous_1)
FN:60,(anonymous_2)
FN:64,(anonymous_3)
FN:68,(anonymous_4)
FN:84,(anonymous_5)
FN:93,(anonymous_6)
FN:97,(anonymous_7)
FN:105,(anonymous_8)
FN:114,(anonymous_9)
FN:129,(anonymous_10)
FN:142,(anonymous_11)
FN:147,(anonymous_12)
FN:168,(anonymous_13)
FN:173,(anonymous_14)
FN:177,(anonymous_15)
FN:188,(anonymous_16)
FN:239,(anonymous_17)
FN:241,(anonymous_18)
FN:247,(anonymous_19)
FN:259,(anonymous_20)
FN:264,(anonymous_21)
FN:268,(anonymous_22)
FN:273,(anonymous_23)
FN:281,(anonymous_24)
FN:286,(anonymous_25)
FN:294,(anonymous_26)
FN:303,(anonymous_27)
FN:311,(anonymous_28)
FN:345,(anonymous_29)
FN:355,(anonymous_30)
FNF:31
FNH:7
FNDA:1,(anonymous_0)
FNDA:1,(anonymous_1)
FNDA:1,(anonymous_2)
FNDA:2,(anonymous_3)
FNDA:0,(anonymous_4)
FNDA:0,(anonymous_5)
FNDA:3,(anonymous_6)
FNDA:2,(anonymous_7)
FNDA:0,(anonymous_8)
FNDA:0,(anonymous_9)
FNDA:0,(anonymous_10)
FNDA:0,(anonymous_11)
FNDA:0,(anonymous_12)
FNDA:0,(anonymous_13)
FNDA:0,(anonymous_14)
FNDA:0,(anonymous_15)
FNDA:0,(anonymous_16)
FNDA:0,(anonymous_17)
FNDA:0,(anonymous_18)
FNDA:0,(anonymous_19)
FNDA:0,(anonymous_20)
FNDA:0,(anonymous_21)
FNDA:0,(anonymous_22)
FNDA:0,(anonymous_23)
FNDA:0,(anonymous_24)
FNDA:1,(anonymous_25)
FNDA:0,(anonymous_26)
FNDA:0,(anonymous_27)
FNDA:0,(anonymous_28)
FNDA:0,(anonymous_29)
FNDA:0,(anonymous_30)
DA:1,1
DA:3,1
DA:4,1
DA:5,1
DA:13,1
DA:28,1
DA:30,1
DA:31,1
DA:32,1
DA:33,1
DA:34,1
DA:35,1
DA:39,1
DA:41,1
DA:43,1
DA:45,1
DA:47,1
DA:53,1
DA:61,1
DA:65,2
DA:69,0
DA:70,0
DA:72,0
DA:73,0
DA:75,0
DA:76,0
DA:78,0
DA:79,0
DA:81,0
DA:85,0
DA:87,0
DA:89,0
DA:90,0
DA:94,3
DA:98,2
DA:99,1
DA:101,1
DA:106,0
DA:111,0
DA:115,0
DA:134,0
DA:143,0
DA:144,0
DA:148,0
DA:149,0
DA:150,0
DA:158,0
DA:159,0
DA:161,0
DA:162,0
DA:163,0
DA:169,0
DA:170,0
DA:174,0
DA:178,0
DA:180,0
DA:181,0
DA:183,0
DA:185,0
DA:192,0
DA:193,0
DA:196,0
DA:212,0
DA:214,0
DA:216,0
DA:217,0
DA:218,0
DA:221,0
DA:222,0
DA:224,0
DA:225,0
DA:227,0
DA:228,0
DA:229,0
DA:230,0
DA:231,0
DA:232,0
DA:233,0
DA:235,0
DA:240,0
DA:241,0
DA:242,0
DA:243,0
DA:248,0
DA:249,0
DA:250,0
DA:251,0
DA:256,0
DA:260,0
DA:261,0
DA:265,0
DA:269,0
DA:270,0
DA:274,0
DA:275,0
DA:277,0
DA:282,0
DA:283,0
DA:287,1
DA:295,0
DA:296,0
DA:297,0
DA:298,0
DA:304,0
DA:305,0
DA:308,0
DA:312,0
DA:314,0
DA:315,0
DA:320,0
DA:324,0
DA:325,0
DA:330,0
DA:334,0
DA:339,0
DA:342,0
DA:346,0
DA:347,0
DA:348,0
DA:349,0
DA:351,0
DA:356,0
LF:122
LH:25
BRDA:3,0,0,1
BRDA:3,0,1,1
BRDA:98,1,0,1
BRDA:98,1,1,1
BRDA:192,2,0,0
BRDA:216,3,0,0
BRDA:227,4,0,0
BRDA:227,4,1,0
BRDA:231,5,0,0
BRDA:231,5,1,0
BRDA:250,6,0,0
BRDA:274,7,0,0
BRDA:274,7,1,0
BRDA:304,8,0,0
BRDA:315,9,0,0
BRDA:316,10,0,0
BRDA:316,10,1,0
BRDA:316,10,2,0
BRDA:325,11,0,0
BRDA:326,12,0,0
BRDA:326,12,1,0
BRDA:326,12,2,0
BRDA:334,13,0,0
BRDA:335,14,0,0
BRDA:335,14,1,0
BRDA:335,14,2,0
BRDA:346,15,0,0
BRDA:346,15,1,0
BRDA:348,16,0,0
BRDA:348,16,1,0
BRF:30
BRH:4
end_of_record
